<?xml version="1.0" encoding="UTF-8"?>
<!-- Generated by org.testng.reporters.JUnitXMLReporter -->
<testsuite hostname="GCTHW5H2E" ignored="1" name="Test" tests="1" failures="0" timestamp="03 Apr 2018 06:58:39 GMT" time="6.573" errors="0">
  <testcase name="@BeforeTest setAPP" time="6.291" classname="org.ge.svmxlib.BaseLib">
    <failure type="org.openqa.selenium.WebDriverException" message="Connection refused: connect
Build info: version: &amp;apos;3.9.1&amp;apos;, revision: &amp;apos;63f7b50&amp;apos;, time: &amp;apos;2018-02-07T22:25:02.294Z&amp;apos;
System info: host: &amp;apos;GCTHW5H2E&amp;apos;, ip: &amp;apos;192.168.1.130&amp;apos;, os.name: &amp;apos;Windows 10&amp;apos;, os.arch: &amp;apos;amd64&amp;apos;, os.version: &amp;apos;10.0&amp;apos;, java.version: &amp;apos;1.8.0_144&amp;apos;
Driver info: driver.version: AndroidDriver">
      <![CDATA[org.openqa.selenium.WebDriverException: Connection refused: connectBuild info: version: '3.9.1', revision: '63f7b50', time: '2018-02-07T22:25:02.294Z'System info: host: 'GCTHW5H2E', ip: '192.168.1.130', os.name: 'Windows 10', os.arch: 'amd64', os.version: '10.0', java.version: '1.8.0_144'Driver info: driver.version: AndroidDriverat io.appium.java_client.remote.AppiumCommandExecutor.lambda$2(AppiumCommandExecutor.java:101)at java.util.Optional.orElseGet(Optional.java:267)at io.appium.java_client.remote.AppiumCommandExecutor.execute(AppiumCommandExecutor.java:100)at org.openqa.selenium.remote.RemoteWebDriver.execute(RemoteWebDriver.java:601)at io.appium.java_client.DefaultGenericMobileDriver.execute(DefaultGenericMobileDriver.java:42)at io.appium.java_client.AppiumDriver.execute(AppiumDriver.java:1)at io.appium.java_client.android.AndroidDriver.execute(AndroidDriver.java:1)at org.openqa.selenium.remote.RemoteWebDriver.startSession(RemoteWebDriver.java:219)at org.openqa.selenium.remote.RemoteWebDriver.<init>(RemoteWebDriver.java:142)at io.appium.java_client.DefaultGenericMobileDriver.<init>(DefaultGenericMobileDriver.java:38)at io.appium.java_client.AppiumDriver.<init>(AppiumDriver.java:83)at io.appium.java_client.AppiumDriver.<init>(AppiumDriver.java:93)at io.appium.java_client.android.AndroidDriver.<init>(AndroidDriver.java:72)at org.ge.svmxlib.BaseLib.setAPP(BaseLib.java:49)Caused by: java.net.ConnectException: Connection refused: connectat java.net.DualStackPlainSocketImpl.waitForConnect(Native Method)at java.net.DualStackPlainSocketImpl.socketConnect(DualStackPlainSocketImpl.java:85)at java.net.AbstractPlainSocketImpl.doConnect(AbstractPlainSocketImpl.java:350)at java.net.AbstractPlainSocketImpl.connectToAddress(AbstractPlainSocketImpl.java:206)at java.net.AbstractPlainSocketImpl.connect(AbstractPlainSocketImpl.java:188)at java.net.PlainSocketImpl.connect(PlainSocketImpl.java:172)at java.net.SocksSocketImpl.connect(SocksSocketImpl.java:392)at java.net.Socket.connect(Socket.java:589)at org.apache.http.conn.socket.PlainConnectionSocketFactory.connectSocket(PlainConnectionSocketFactory.java:75)at org.apache.http.impl.conn.DefaultHttpClientConnectionOperator.connect(DefaultHttpClientConnectionOperator.java:142)at org.apache.http.impl.conn.PoolingHttpClientConnectionManager.connect(PoolingHttpClientConnectionManager.java:359)at org.apache.http.impl.execchain.MainClientExec.establishRoute(MainClientExec.java:381)at org.apache.http.impl.execchain.MainClientExec.execute(MainClientExec.java:237)at org.apache.http.impl.execchain.ProtocolExec.execute(ProtocolExec.java:185)at org.apache.http.impl.execchain.RetryExec.execute(RetryExec.java:89)at org.apache.http.impl.execchain.RedirectExec.execute(RedirectExec.java:111)at org.apache.http.impl.client.InternalHttpClient.doExecute(InternalHttpClient.java:185)at org.apache.http.impl.client.CloseableHttpClient.execute(CloseableHttpClient.java:72)at org.apache.http.impl.client.CloseableHttpClient.execute(CloseableHttpClient.java:56)at org.openqa.selenium.remote.internal.ApacheHttpClient.fallBackExecute(ApacheHttpClient.java:151)at org.openqa.selenium.remote.internal.ApacheHttpClient.execute(ApacheHttpClient.java:91)at org.openqa.selenium.remote.internal.ApacheHttpClient.execute(ApacheHttpClient.java:69)at org.openqa.selenium.remote.ProtocolHandshake.createSession(ProtocolHandshake.java:101)at org.openqa.selenium.remote.ProtocolHandshake.createSession(ProtocolHandshake.java:73)at org.openqa.selenium.remote.HttpCommandExecutor.execute(HttpCommandExecutor.java:138)at io.appium.java_client.remote.AppiumCommandExecutor.execute(AppiumCommandExecutor.java:89)... 38 more... Removed 27 stack frames]]>
    </failure>
  </testcase> <!-- @BeforeTest setAPP -->
  <testcase name="@BeforeClass initObjects" time="0.0" classname="org.ge.svmxtests.SampleTest">
    <skipped/>
  </testcase> <!-- @BeforeClass initObjects -->
  <testcase name="@BeforeMethod launchingApp" time="0.0" classname="org.ge.svmxtests.SampleTest">
    <skipped/>
  </testcase> <!-- @BeforeMethod launchingApp -->
  <testcase name="toEdit" time="0.0" classname="org.ge.svmxtests.SampleTest">
    <skipped/>
  </testcase> <!-- toEdit -->
  <testcase name="to" time="0.0" classname="org.ge.svmxtests.SampleTest">
    <ignored/>
  </testcase> <!-- to -->
</testsuite> <!-- Test -->
